# JRE version: OpenJDK Runtime Environment (8.0_152-b01) (build 1.8.0_152-release-915-b01)
# Java VM: OpenJDK 64-Bit Server VM (25.152-b01 mixed mode linux-amd64 compressed oops)
Heap:
 PSYoungGen      total 493568K, used 268910K [0x00000000e0000000, 0x00000000ffd00000, 0x0000000100000000)
  eden space 468992K, 55% used [0x00000000e0000000,0x00000000efcaf7f8,0x00000000fca00000)
  from space 24576K, 41% used [0x00000000fe500000,0x00000000feeec0d0,0x00000000ffd00000)
  to   space 26112K, 0% used [0x00000000fca00000,0x00000000fca00000,0x00000000fe380000)
 ParOldGen       total 136192K, used 79380K [0x00000000a0000000, 0x00000000a8500000, 0x00000000e0000000)
  object space 136192K, 58% used [0x00000000a0000000,0x00000000a4d85150,0x00000000a8500000)
 Metaspace       used 82525K, capacity 86906K, committed 87000K, reserved 1124352K
  class space    used 10418K, capacity 11443K, committed 11520K, reserved 1048576K
GC Heap History (10 events):
Event: 5228.203 GC heap before
{Heap before GC invocations=15 (full 3):
 PSYoungGen      total 422912K, used 401630K [0x00000000e0000000, 0x0000000100000000, 0x0000000100000000)
  eden space 391168K, 100% used [0x00000000e0000000,0x00000000f7e00000,0x00000000f7e00000)
  from space 31744K, 32% used [0x00000000f7e00000,0x00000000f8837960,0x00000000f9d00000)
  to   space 30720K, 0% used [0x00000000fe200000,0x00000000fe200000,0x0000000100000000)
 ParOldGen       total 136192K, used 47100K [0x00000000a0000000, 0x00000000a8500000, 0x00000000e0000000)
  object space 136192K, 34% used [0x00000000a0000000,0x00000000a2dff010,0x00000000a8500000)
 Metaspace       used 71103K, capacity 74968K, committed 75224K, reserved 1114112K
  class space    used 9215K, capacity 10158K, committed 10240K, reserved 1048576K
Event: 5228.232 GC heap after
Heap after GC invocations=15 (full 3):
 PSYoungGen      total 491520K, used 4356K [0x00000000e0000000, 0x00000000fff00000, 0x0000000100000000)
  eden space 461824K, 0% used [0x00000000e0000000,0x00000000e0000000,0x00000000fc300000)
  from space 29696K, 14% used [0x00000000fe200000,0x00000000fe6411f0,0x00000000fff00000)
  to   space 30720K, 0% used [0x00000000fc300000,0x00000000fc300000,0x00000000fe100000)
 ParOldGen       total 136192K, used 55116K [0x00000000a0000000, 0x00000000a8500000, 0x00000000e0000000)
  object space 136192K, 40% used [0x00000000a0000000,0x00000000a35d3210,0x00000000a8500000)
 Metaspace       used 71103K, capacity 74968K, committed 75224K, reserved 1114112K
  class space    used 9215K, capacity 10158K, committed 10240K, reserved 1048576K
}
Event: 5234.160 GC heap before
{Heap before GC invocations=16 (full 3):
 PSYoungGen      total 491520K, used 466122K [0x00000000e0000000, 0x00000000fff00000, 0x0000000100000000)
  eden space 461824K, 99% used [0x00000000e0000000,0x00000000fc2f17e0,0x00000000fc300000)
  from space 29696K, 14% used [0x00000000fe200000,0x00000000fe6411f0,0x00000000fff00000)
  to   space 30720K, 0% used [0x00000000fc300000,0x00000000fc300000,0x00000000fe100000)
 ParOldGen       total 136192K, used 55116K [0x00000000a0000000, 0x00000000a8500000, 0x00000000e0000000)
  object space 136192K, 40% used [0x00000000a0000000,0x00000000a35d3210,0x00000000a8500000)
 Metaspace       used 77829K, capacity 81864K, committed 82136K, reserved 1120256K
  class space    used 9998K, capacity 10956K, committed 11008K, reserved 1048576K
Event: 5234.194 GC heap after
Heap after GC invocations=16 (full 3):
 PSYoungGen      total 492544K, used 15051K [0x00000000e0000000, 0x00000000fff00000, 0x0000000100000000)
  eden space 461824K, 0% used [0x00000000e0000000,0x00000000e0000000,0x00000000fc300000)
  from space 30720K, 48% used [0x00000000fc300000,0x00000000fd1b2e70,0x00000000fe100000)
  to   space 29696K, 0% used [0x00000000fe200000,0x00000000fe200000,0x00000000fff00000)
 ParOldGen       total 136192K, used 58152K [0x00000000a0000000, 0x00000000a8500000, 0x00000000e0000000)
  object space 136192K, 42% used [0x00000000a0000000,0x00000000a38ca080,0x00000000a8500000)
 Metaspace       used 77829K, capacity 81864K, committed 82136K, reserved 1120256K
  class space    used 9998K, capacity 10956K, committed 11008K, reserved 1048576K
}
Event: 5238.086 GC heap before
{Heap before GC invocations=17 (full 3):
 PSYoungGen      total 492544K, used 476875K [0x00000000e0000000, 0x00000000fff00000, 0x0000000100000000)
  eden space 461824K, 100% used [0x00000000e0000000,0x00000000fc300000,0x00000000fc300000)
  from space 30720K, 48% used [0x00000000fc300000,0x00000000fd1b2e70,0x00000000fe100000)
  to   space 29696K, 0% used [0x00000000fe200000,0x00000000fe200000,0x00000000fff00000)
 ParOldGen       total 136192K, used 58152K [0x00000000a0000000, 0x00000000a8500000, 0x00000000e0000000)
  object space 136192K, 42% used [0x00000000a0000000,0x00000000a38ca080,0x00000000a8500000)
 Metaspace       used 81911K, capacity 86306K, committed 86488K, reserved 1124352K
  class space    used 10413K, capacity 11441K, committed 11520K, reserved 1048576K
Event: 5238.124 GC heap after
Heap after GC invocations=17 (full 3):
 PSYoungGen      total 490496K, used 13118K [0x00000000e0000000, 0x00000000ffc00000, 0x0000000100000000)
  eden space 463872K, 0% used [0x00000000e0000000,0x00000000e0000000,0x00000000fc500000)
  from space 26624K, 49% used [0x00000000fe200000,0x00000000feecfbc0,0x00000000ffc00000)
  to   space 28160K, 0% used [0x00000000fc500000,0x00000000fc500000,0x00000000fe080000)
 ParOldGen       total 136192K, used 68974K [0x00000000a0000000, 0x00000000a8500000, 0x00000000e0000000)
  object space 136192K, 50% used [0x00000000a0000000,0x00000000a435bb48,0x00000000a8500000)
 Metaspace       used 81911K, capacity 86306K, committed 86488K, reserved 1124352K
  class space    used 10413K, capacity 11441K, committed 11520K, reserved 1048576K
}
Event: 5240.001 GC heap before
{Heap before GC invocations=18 (full 3):
 PSYoungGen      total 490496K, used 476990K [0x00000000e0000000, 0x00000000ffc00000, 0x0000000100000000)
  eden space 463872K, 100% used [0x00000000e0000000,0x00000000fc500000,0x00000000fc500000)
  from space 26624K, 49% used [0x00000000fe200000,0x00000000feecfbc0,0x00000000ffc00000)
  to   space 28160K, 0% used [0x00000000fc500000,0x00000000fc500000,0x00000000fe080000)
 ParOldGen       total 136192K, used 68974K [0x00000000a0000000, 0x00000000a8500000, 0x00000000e0000000)
  object space 136192K, 50% used [0x00000000a0000000,0x00000000a435bb48,0x00000000a8500000)
 Metaspace       used 82257K, capacity 86630K, committed 86744K, reserved 1124352K
  class space    used 10414K, capacity 11441K, committed 11520K, reserved 1048576K
Event: 5240.036 GC heap after
Heap after GC invocations=18 (full 3):
 PSYoungGen      total 492032K, used 11832K [0x00000000e0000000, 0x00000000fff80000, 0x0000000100000000)
  eden space 463872K, 0% used [0x00000000e0000000,0x00000000e0000000,0x00000000fc500000)
  from space 28160K, 42% used [0x00000000fc500000,0x00000000fd08e070,0x00000000fe080000)
  to   space 27136K, 0% used [0x00000000fe500000,0x00000000fe500000,0x00000000fff80000)
 ParOldGen       total 136192K, used 74644K [0x00000000a0000000, 0x00000000a8500000, 0x00000000e0000000)
  object space 136192K, 54% used [0x00000000a0000000,0x00000000a48e5150,0x00000000a8500000)
 Metaspace       used 82257K, capacity 86630K, committed 86744K, reserved 1124352K
  class space    used 10414K, capacity 11441K, committed 11520K, reserved 1048576K
}
Event: 5241.842 GC heap before
{Heap before GC invocations=19 (full 3):
 PSYoungGen      total 492032K, used 475704K [0x00000000e0000000, 0x00000000fff80000, 0x0000000100000000)
  eden space 463872K, 100% used [0x00000000e0000000,0x00000000fc500000,0x00000000fc500000)
  from space 28160K, 42% used [0x00000000fc500000,0x00000000fd08e070,0x00000000fe080000)
  to   space 27136K, 0% used [0x00000000fe500000,0x00000000fe500000,0x00000000fff80000)
 ParOldGen       total 136192K, used 74644K [0x00000000a0000000, 0x00000000a8500000, 0x00000000e0000000)
  object space 136192K, 54% used [0x00000000a0000000,0x00000000a48e5150,0x00000000a8500000)
 Metaspace       used 82474K, capacity 86894K, committed 87000K, reserved 1124352K
  class space    used 10414K, capacity 11441K, committed 11520K, reserved 1048576K
Event: 5241.882 GC heap after
Heap after GC invocations=19 (full 3):
 PSYoungGen      total 493568K, used 10160K [0x00000000e0000000, 0x00000000ffd00000, 0x0000000100000000)
  eden space 468992K, 0% used [0x00000000e0000000,0x00000000e0000000,0x00000000fca00000)
  from space 24576K, 41% used [0x00000000fe500000,0x00000000feeec0d0,0x00000000ffd00000)
  to   space 26112K, 0% used [0x00000000fca00000,0x00000000fca00000,0x00000000fe380000)
 ParOldGen       total 136192K, used 79380K [0x00000000a0000000, 0x00000000a8500000, 0x00000000e0000000)
  object space 136192K, 58% used [0x00000000a0000000,0x00000000a4d85150,0x00000000a8500000)
 Metaspace       used 82474K, capacity 86894K, committed 87000K, reserved 1124352K
  class space    used 10414K, capacity 11441K, committed 11520K, reserved 1048576K
}

